{"level":"info","message":"Hello from acquisitions!","service":"acquisitions-devops","timestamp":"2026-06-02T14:05:53.180Z"}
{"level":"info","message":"::1 - - [02/Jun/2026:14:05:53 +0000] \"GET / HTTP/1.1\" 304 - \"-\" \"Mozilla/5.0 (Windows NT 10.0; Win64; x64) AppleWebKit/537.36 (KHTML, like Gecko) Code/1.122.1 Chrome/142.0.7444.265 Electron/39.8.8 Safari/537.36\"","service":"acquisitions-devops","timestamp":"2026-06-02T14:05:53.189Z"}
{"level":"info","message":"Hello from acquisitions!","service":"acquisitions-devops","timestamp":"2026-06-03T05:46:06.266Z"}
{"level":"info","message":"::1 - - [03/Jun/2026:05:46:06 +0000] \"GET / HTTP/1.1\" 304 - \"-\" \"Mozilla/5.0 (Windows NT 10.0; Win64; x64) AppleWebKit/537.36 (KHTML, like Gecko) Code/1.122.1 Chrome/142.0.7444.265 Electron/39.8.8 Safari/537.36\"","service":"acquisitions-devops","timestamp":"2026-06-03T05:46:06.277Z"}
{"level":"info","message":"::1 - - [03/Jun/2026:05:46:10 +0000] \"GET /api HTTP/1.1\" 200 42 \"-\" \"Mozilla/5.0 (Windows NT 10.0; Win64; x64) AppleWebKit/537.36 (KHTML, like Gecko) Code/1.122.1 Chrome/142.0.7444.265 Electron/39.8.8 Safari/537.36\"","service":"acquisitions-devops","timestamp":"2026-06-03T05:46:10.704Z"}
{"level":"info","message":"Hello from acquisitions!","service":"acquisitions-devops","timestamp":"2026-06-03T05:46:28.873Z"}
{"level":"info","message":"::1 - - [03/Jun/2026:05:46:28 +0000] \"GET / HTTP/1.1\" 200 23 \"-\" \"HTTPie\"","service":"acquisitions-devops","timestamp":"2026-06-03T05:46:28.875Z"}
{"level":"info","message":"::1 - - [03/Jun/2026:05:46:33 +0000] \"GET /api HTTP/1.1\" 200 42 \"-\" \"HTTPie\"","service":"acquisitions-devops","timestamp":"2026-06-03T05:46:33.792Z"}
{"level":"info","message":"::1 - - [03/Jun/2026:05:46:41 +0000] \"GET /api/auth HTTP/1.1\" 404 147 \"-\" \"HTTPie\"","service":"acquisitions-devops","timestamp":"2026-06-03T05:46:41.729Z"}
{"level":"info","message":"::1 - - [03/Jun/2026:05:46:48 +0000] \"POST /api/auth HTTP/1.1\" 404 148 \"-\" \"HTTPie\"","service":"acquisitions-devops","timestamp":"2026-06-03T05:46:48.160Z"}
{"level":"info","message":"::1 - - [03/Jun/2026:05:47:23 +0000] \"GET /api/health HTTP/1.1\" 404 149 \"-\" \"HTTPie\"","service":"acquisitions-devops","timestamp":"2026-06-03T05:47:23.530Z"}
{"level":"info","message":"::1 - - [03/Jun/2026:05:47:28 +0000] \"GET /health HTTP/1.1\" 500 1074 \"-\" \"HTTPie\"","service":"acquisitions-devops","timestamp":"2026-06-03T05:47:28.225Z"}
{"level":"info","message":"::1 - - [03/Jun/2026:05:48:43 +0000] \"GET /health HTTP/1.1\" 500 1076 \"-\" \"HTTPie\"","service":"acquisitions-devops","timestamp":"2026-06-03T05:48:43.412Z"}
{"level":"info","message":"::1 - - [03/Jun/2026:05:48:44 +0000] \"GET /health HTTP/1.1\" 500 1076 \"-\" \"HTTPie\"","service":"acquisitions-devops","timestamp":"2026-06-03T05:48:44.344Z"}
{"level":"info","message":"::1 - - [03/Jun/2026:05:48:44 +0000] \"GET /health HTTP/1.1\" 500 1076 \"-\" \"HTTPie\"","service":"acquisitions-devops","timestamp":"2026-06-03T05:48:44.525Z"}
{"level":"info","message":"::1 - - [03/Jun/2026:05:48:44 +0000] \"GET /health HTTP/1.1\" 500 1076 \"-\" \"HTTPie\"","service":"acquisitions-devops","timestamp":"2026-06-03T05:48:44.691Z"}
{"level":"info","message":"::1 - - [03/Jun/2026:05:48:45 +0000] \"GET /health HTTP/1.1\" 500 1076 \"-\" \"HTTPie\"","service":"acquisitions-devops","timestamp":"2026-06-03T05:48:45.004Z"}
{"level":"info","message":"::1 - - [03/Jun/2026:05:48:45 +0000] \"GET /health HTTP/1.1\" 500 1076 \"-\" \"HTTPie\"","service":"acquisitions-devops","timestamp":"2026-06-03T05:48:45.338Z"}
{"level":"info","message":"::1 - - [03/Jun/2026:05:48:45 +0000] \"GET /health HTTP/1.1\" 500 1076 \"-\" \"HTTPie\"","service":"acquisitions-devops","timestamp":"2026-06-03T05:48:45.838Z"}
{"level":"info","message":"::1 - - [03/Jun/2026:05:49:40 +0000] \"GET /health HTTP/1.1\" 200 73 \"-\" \"HTTPie\"","service":"acquisitions-devops","timestamp":"2026-06-03T05:49:40.175Z"}
{"level":"info","message":"::1 - - [03/Jun/2026:05:50:09 +0000] \"POST /api/auth/sign-in HTTP/1.1\" 200 31 \"-\" \"HTTPie\"","service":"acquisitions-devops","timestamp":"2026-06-03T05:50:09.727Z"}
{"level":"info","message":"::1 - - [03/Jun/2026:06:30:27 +0000] \"POST /api/auth/sign-in HTTP/1.1\" 200 31 \"-\" \"HTTPie\"","service":"acquisitions-devops","timestamp":"2026-06-03T06:30:27.834Z"}
{"level":"info","message":"::1 - - [03/Jun/2026:06:30:31 +0000] \"POST /api/auth/sign-up HTTP/1.1\" 400 92 \"-\" \"HTTPie\"","service":"acquisitions-devops","timestamp":"2026-06-03T06:30:31.535Z"}
{"level":"info","message":"::1 - - [03/Jun/2026:06:30:59 +0000] \"POST /api/auth/sign-up HTTP/1.1\" 400 92 \"-\" \"HTTPie\"","service":"acquisitions-devops","timestamp":"2026-06-03T06:30:59.719Z"}
{"level":"info","message":"User registered successfully: ${email}","service":"acquisitions-devops","timestamp":"2026-06-03T06:33:44.808Z"}
{"level":"info","message":"::1 - - [03/Jun/2026:06:33:44 +0000] \"POST /api/auth/sign-up HTTP/1.1\" 201 104 \"-\" \"HTTPie\"","service":"acquisitions-devops","timestamp":"2026-06-03T06:33:44.810Z"}
{"level":"info","message":"User registered successfully: ${email}","service":"acquisitions-devops","timestamp":"2026-06-03T06:34:26.026Z"}
{"level":"info","message":"::1 - - [03/Jun/2026:06:34:26 +0000] \"POST /api/auth/sign-up HTTP/1.1\" 201 104 \"-\" \"HTTPie\"","service":"acquisitions-devops","timestamp":"2026-06-03T06:34:26.032Z"}
{"level":"error","message":" Error creating the user : TypeError: users is not a function","service":"acquisitions-devops","timestamp":"2026-06-03T06:54:16.397Z"}
{"level":"error","message":"Signup error users is not a function","service":"acquisitions-devops","stack":"TypeError: users is not a function\n    at createUser (file:///D:/Acquisitions-DevOps/src/services/auth.service.js:20:43)\n    at signup (file:///D:/Acquisitions-DevOps/src/controllers/auth.controller.js:20:24)\n    at Layer.handleRequest (D:\\Acquisitions-DevOps\\node_modules\\router\\lib\\layer.js:152:17)\n    at next (D:\\Acquisitions-DevOps\\node_modules\\router\\lib\\route.js:157:13)\n    at Route.dispatch (D:\\Acquisitions-DevOps\\node_modules\\router\\lib\\route.js:117:3)\n    at handle (D:\\Acquisitions-DevOps\\node_modules\\router\\index.js:435:11)\n    at Layer.handleRequest (D:\\Acquisitions-DevOps\\node_modules\\router\\lib\\layer.js:152:17)\n    at D:\\Acquisitions-DevOps\\node_modules\\router\\index.js:295:15\n    at processParams (D:\\Acquisitions-DevOps\\node_modules\\router\\index.js:582:12)\n    at next (D:\\Acquisitions-DevOps\\node_modules\\router\\index.js:291:5)","timestamp":"2026-06-03T06:54:16.400Z"}
{"level":"info","message":"::1 - - [03/Jun/2026:06:54:16 +0000] \"POST /api/auth/sign-up HTTP/1.1\" 500 1107 \"-\" \"HTTPie\"","service":"acquisitions-devops","timestamp":"2026-06-03T06:54:16.404Z"}
{"level":"info","message":"User jhon@gmail.com created successfullly","service":"acquisitions-devops","timestamp":"2026-06-03T06:57:16.282Z"}
{"level":"info","message":"User registered successfully: jhon@gmail.com","service":"acquisitions-devops","timestamp":"2026-06-03T06:57:16.293Z"}
{"level":"info","message":"::1 - - [03/Jun/2026:06:57:16 +0000] \"POST /api/auth/sign-up HTTP/1.1\" 201 99 \"-\" \"HTTPie\"","service":"acquisitions-devops","timestamp":"2026-06-03T06:57:16.298Z"}
